<?xml version="1.0" encoding="UTF-8"?>
<!-- Generated by org.testng.reporters.JUnitXMLReporter -->
<testsuite ignored="1" hostname="DESKTOP-I7D4M6U" failures="0" tests="1" name="Default test" time="2.077" errors="0" timestamp="2024-09-02T17:53:20 IST">
  <testcase classname="com.ninja.hrm.api.employeetest.EmployeeTest" name="addEmployeTest" time="2.028"/>
  <testcase classname="com.ninja.hrm.api.employeetest.EmployeeTest" name="addEmployeWithoutEmailTest" time="0.0">
    <ignored/>
  </testcase> <!-- addEmployeWithoutEmailTest -->
</testsuite> <!-- Default test -->
