<?xml version="1.0" encoding="UTF-8"?>
<testng-results ignored="1" total="2" passed="1" failed="0" skipped="0">
  <reporter-output>
  </reporter-output>
  <suite started-at="2024-09-02T17:53:18 IST" name="Default suite" finished-at="2024-09-02T17:53:20 IST" duration-ms="2077">
    <groups>
    </groups>
    <test started-at="2024-09-02T17:53:18 IST" name="Default test" finished-at="2024-09-02T17:53:20 IST" duration-ms="2077">
      <class name="com.ninja.hrm.api.employeetest.EmployeeTest">
        <test-method is-config="true" signature="configBS()[pri:0, instance:com.ninja.hrm.api.employeetest.EmployeeTest@4659191b]" started-at="2024-09-02T17:53:17 IST" name="configBS" finished-at="2024-09-02T17:53:18 IST" duration-ms="894" status="PASS">
          <reporter-output>
          </reporter-output>
        </test-method> <!-- configBS -->
        <test-method signature="addEmployeTest()[pri:0, instance:com.ninja.hrm.api.employeetest.EmployeeTest@4659191b]" started-at="2024-09-02T17:53:18 IST" name="addEmployeTest" finished-at="2024-09-02T17:53:20 IST" duration-ms="2028" status="PASS">
          <reporter-output>
          </reporter-output>
        </test-method> <!-- addEmployeTest -->
        <test-method is-config="true" signature="configAs()[pri:0, instance:com.ninja.hrm.api.employeetest.EmployeeTest@4659191b]" started-at="2024-09-02T17:53:20 IST" name="configAs" finished-at="2024-09-02T17:53:20 IST" duration-ms="4" status="PASS">
          <reporter-output>
          </reporter-output>
        </test-method> <!-- configAs -->
      </class> <!-- com.ninja.hrm.api.employeetest.EmployeeTest -->
    </test> <!-- Default test -->
  </suite> <!-- Default suite -->
</testng-results>
